h:\development\gitrepositories\ee-win_kb\src\isignhttpweb\x64\release\isignhttpweb.pch
h:\development\gitrepositories\ee-win_kb\src\isignhttpweb\x64\release\vc140.pdb
h:\development\gitrepositories\ee-win_kb\src\isignhttpweb\x64\release\stdafx.obj
h:\development\gitrepositories\ee-win_kb\src\isignhttpweb\x64\release\httpwebresponse.obj
h:\development\gitrepositories\ee-win_kb\src\isignhttpweb\x64\release\httpwebrequest.obj
h:\development\gitrepositories\ee-win_kb\src\isignhttpweb\x64\release\httpwebexception.obj
h:\development\gitrepositories\ee-win_kb\src\isignhttpweb\x64\release\jsoncpp.obj
h:\development\gitrepositories\ee-win_kb\src\isignhttpweb\x64\release\isignlogger.obj
h:\development\gitrepositories\ee-win_kb\src\isignhttpweb\x64\release\stringutil.obj
h:\development\gitrepositories\ee-win_kb\src\x64\release\isignhttpweb.lib
h:\development\gitrepositories\ee-win_kb\src\x64\release\isignhttpweb.exp
h:\development\gitrepositories\ee-win_kb\src\x64\release\isignhttpweb.dll
h:\development\gitrepositories\ee-win_kb\src\x64\release\isignhttpweb.ipdb
h:\development\gitrepositories\ee-win_kb\src\x64\release\isignhttpweb.iobj
h:\development\gitrepositories\ee-win_kb\src\x64\release\isignhttpweb.pdb
h:\development\gitrepositories\ee-win_kb\src\isignhttpweb\x64\release\isignhttpweb.tlog\cl.command.1.tlog
h:\development\gitrepositories\ee-win_kb\src\isignhttpweb\x64\release\isignhttpweb.tlog\cl.read.1.tlog
h:\development\gitrepositories\ee-win_kb\src\isignhttpweb\x64\release\isignhttpweb.tlog\cl.write.1.tlog
h:\development\gitrepositories\ee-win_kb\src\isignhttpweb\x64\release\isignhttpweb.tlog\isignhttpweb.write.1u.tlog
h:\development\gitrepositories\ee-win_kb\src\isignhttpweb\x64\release\isignhttpweb.tlog\link.command.1.tlog
h:\development\gitrepositories\ee-win_kb\src\isignhttpweb\x64\release\isignhttpweb.tlog\link.read.1.tlog
h:\development\gitrepositories\ee-win_kb\src\isignhttpweb\x64\release\isignhttpweb.tlog\link.write.1.tlog
