h:\development\git repositories\ee-win_kb\src\winconfighelper\release\winconfighelper.pch
h:\development\git repositories\ee-win_kb\src\winconfighelper\release\vc140.pdb
h:\development\git repositories\ee-win_kb\src\winconfighelper\release\stdafx.obj
h:\development\git repositories\ee-win_kb\src\winconfighelper\release\isignlogger.obj
h:\development\git repositories\ee-win_kb\src\winconfighelper\release\stringutil.obj
h:\development\git repositories\ee-win_kb\src\winconfighelper\release\regconfig.obj
h:\development\git repositories\ee-win_kb\src\winconfighelper\release\iniconfig.obj
h:\development\git repositories\ee-win_kb\src\release\winconfighelper.dll
h:\development\git repositories\ee-win_kb\src\release\winconfighelper.ipdb
h:\development\git repositories\ee-win_kb\src\release\winconfighelper.iobj
h:\development\git repositories\ee-win_kb\src\release\winconfighelper.pdb
h:\development\git repositories\ee-win_kb\src\release\winconfighelper.lib
h:\development\git repositories\ee-win_kb\src\release\winconfighelper.exp
h:\development\git repositories\ee-win_kb\src\winconfighelper\release\winconfighelper.tlog\cl.command.1.tlog
h:\development\git repositories\ee-win_kb\src\winconfighelper\release\winconfighelper.tlog\cl.read.1.tlog
h:\development\git repositories\ee-win_kb\src\winconfighelper\release\winconfighelper.tlog\cl.write.1.tlog
h:\development\git repositories\ee-win_kb\src\winconfighelper\release\winconfighelper.tlog\link.command.1.tlog
h:\development\git repositories\ee-win_kb\src\winconfighelper\release\winconfighelper.tlog\link.read.1.tlog
h:\development\git repositories\ee-win_kb\src\winconfighelper\release\winconfighelper.tlog\link.write.1.tlog
h:\development\git repositories\ee-win_kb\src\winconfighelper\release\winconfighelper.tlog\winconfighelper.write.1u.tlog
