h:\development\git repositories\ee-win_kb\src\winconfighelper\debug\winconfighelper.pch
h:\development\git repositories\ee-win_kb\src\winconfighelper\debug\vc140.pdb
h:\development\git repositories\ee-win_kb\src\winconfighelper\debug\vc140.idb
h:\development\git repositories\ee-win_kb\src\winconfighelper\debug\stdafx.obj
h:\development\git repositories\ee-win_kb\src\winconfighelper\debug\stringutil.obj
h:\development\git repositories\ee-win_kb\src\winconfighelper\debug\isignlogger.obj
h:\development\git repositories\ee-win_kb\src\winconfighelper\debug\iniconfig.obj
h:\development\git repositories\ee-win_kb\src\winconfighelper\debug\regconfig.obj
h:\development\git repositories\ee-win_kb\src\debug\winconfighelper.ilk
h:\development\git repositories\ee-win_kb\src\debug\winconfighelper.dll
h:\development\git repositories\ee-win_kb\src\debug\winconfighelper.pdb
h:\development\git repositories\ee-win_kb\src\debug\winconfighelper.lib
h:\development\git repositories\ee-win_kb\src\debug\winconfighelper.exp
h:\development\git repositories\ee-win_kb\src\winconfighelper\..\debug\winconfighelper.pdb
h:\development\git repositories\ee-win_kb\src\winconfighelper\..\debug\winconfighelper.dll
h:\development\git repositories\ee-win_kb\src\winconfighelper\..\debug\winconfighelper.ilk
h:\development\git repositories\ee-win_kb\src\winconfighelper\debug\winconfighelper.tlog\cl.command.1.tlog
h:\development\git repositories\ee-win_kb\src\winconfighelper\debug\winconfighelper.tlog\cl.read.1.tlog
h:\development\git repositories\ee-win_kb\src\winconfighelper\debug\winconfighelper.tlog\cl.write.1.tlog
h:\development\git repositories\ee-win_kb\src\winconfighelper\debug\winconfighelper.tlog\link.command.1.tlog
h:\development\git repositories\ee-win_kb\src\winconfighelper\debug\winconfighelper.tlog\link.read.1.tlog
h:\development\git repositories\ee-win_kb\src\winconfighelper\debug\winconfighelper.tlog\link.write.1.tlog
h:\development\git repositories\ee-win_kb\src\winconfighelper\debug\winconfighelper.tlog\winconfighelper.write.1u.tlog
